# JRE version: OpenJDK Runtime Environment (8.0_152-b01) (build 1.8.0_152-release-915-b01)
# Java VM: OpenJDK 64-Bit Server VM (25.152-b01 mixed mode linux-amd64 compressed oops)
Heap:
 PSYoungGen      total 65024K, used 4596K [0x00000000d9600000, 0x00000000dda00000, 0x0000000100000000)
  eden space 60416K, 0% used [0x00000000d9600000,0x00000000d9600000,0x00000000dd100000)
  from space 4608K, 99% used [0x00000000dd100000,0x00000000dd57d060,0x00000000dd580000)
  to   space 4608K, 0% used [0x00000000dd580000,0x00000000dd580000,0x00000000dda00000)
 ParOldGen       total 79360K, used 18428K [0x000000008c200000, 0x0000000090f80000, 0x00000000d9600000)
  object space 79360K, 23% used [0x000000008c200000,0x000000008d3ff118,0x0000000090f80000)
 Metaspace       used 3783K, capacity 5176K, committed 5376K, reserved 1056768K
  class space    used 391K, capacity 488K, committed 512K, reserved 1048576K
GC Heap History (9 events):
Event: 1.496 GC heap before
{Heap before GC invocations=1 (full 0):
 PSYoungGen      total 34816K, used 30208K [0x00000000d9600000, 0x00000000dbc80000, 0x0000000100000000)
  eden space 30208K, 100% used [0x00000000d9600000,0x00000000db380000,0x00000000db380000)
  from space 4608K, 0% used [0x00000000db800000,0x00000000db800000,0x00000000dbc80000)
  to   space 4608K, 0% used [0x00000000db380000,0x00000000db380000,0x00000000db800000)
 ParOldGen       total 79360K, used 0K [0x000000008c200000, 0x0000000090f80000, 0x00000000d9600000)
  object space 79360K, 0% used [0x000000008c200000,0x000000008c200000,0x0000000090f80000)
 Metaspace       used 3709K, capacity 5144K, committed 5376K, reserved 1056768K
  class space    used 386K, capacity 456K, committed 512K, reserved 1048576K
Event: 1.501 GC heap after
Heap after GC invocations=1 (full 0):
 PSYoungGen      total 34816K, used 4075K [0x00000000d9600000, 0x00000000dbc80000, 0x0000000100000000)
  eden space 30208K, 0% used [0x00000000d9600000,0x00000000d9600000,0x00000000db380000)
  from space 4608K, 88% used [0x00000000db380000,0x00000000db77ac38,0x00000000db800000)
  to   space 4608K, 0% used [0x00000000db800000,0x00000000db800000,0x00000000dbc80000)
 ParOldGen       total 79360K, used 8K [0x000000008c200000, 0x0000000090f80000, 0x00000000d9600000)
  object space 79360K, 0% used [0x000000008c200000,0x000000008c202000,0x0000000090f80000)
 Metaspace       used 3709K, capacity 5144K, committed 5376K, reserved 1056768K
  class space    used 386K, capacity 456K, committed 512K, reserved 1048576K
}
Event: 1.640 GC heap before
{Heap before GC invocations=2 (full 0):
 PSYoungGen      total 34816K, used 34283K [0x00000000d9600000, 0x00000000dbc80000, 0x0000000100000000)
  eden space 30208K, 100% used [0x00000000d9600000,0x00000000db380000,0x00000000db380000)
  from space 4608K, 88% used [0x00000000db380000,0x00000000db77ac38,0x00000000db800000)
  to   space 4608K, 0% used [0x00000000db800000,0x00000000db800000,0x00000000dbc80000)
 ParOldGen       total 79360K, used 8K [0x000000008c200000, 0x0000000090f80000, 0x00000000d9600000)
  object space 79360K, 0% used [0x000000008c200000,0x000000008c202000,0x0000000090f80000)
 Metaspace       used 3751K, capacity 5144K, committed 5376K, reserved 1056768K
  class space    used 386K, capacity 456K, committed 512K, reserved 1048576K
Event: 1.647 GC heap after
Heap after GC invocations=2 (full 0):
 PSYoungGen      total 34816K, used 4589K [0x00000000d9600000, 0x00000000dda00000, 0x0000000100000000)
  eden space 30208K, 0% used [0x00000000d9600000,0x00000000d9600000,0x00000000db380000)
  from space 4608K, 99% used [0x00000000db800000,0x00000000dbc7b798,0x00000000dbc80000)
  to   space 4608K, 0% used [0x00000000db380000,0x00000000db380000,0x00000000db800000)
 ParOldGen       total 79360K, used 472K [0x000000008c200000, 0x0000000090f80000, 0x00000000d9600000)
  object space 79360K, 0% used [0x000000008c200000,0x000000008c2761b8,0x0000000090f80000)
 Metaspace       used 3751K, capacity 5144K, committed 5376K, reserved 1056768K
  class space    used 386K, capacity 456K, committed 512K, reserved 1048576K
}
Event: 1.881 GC heap before
{Heap before GC invocations=3 (full 0):
 PSYoungGen      total 34816K, used 34797K [0x00000000d9600000, 0x00000000dda00000, 0x0000000100000000)
  eden space 30208K, 100% used [0x00000000d9600000,0x00000000db380000,0x00000000db380000)
  from space 4608K, 99% used [0x00000000db800000,0x00000000dbc7b798,0x00000000dbc80000)
  to   space 4608K, 0% used [0x00000000db380000,0x00000000db380000,0x00000000db800000)
 ParOldGen       total 79360K, used 472K [0x000000008c200000, 0x0000000090f80000, 0x00000000d9600000)
  object space 79360K, 0% used [0x000000008c200000,0x000000008c2761b8,0x0000000090f80000)
 Metaspace       used 3781K, capacity 5176K, committed 5376K, reserved 1056768K
  class space    used 391K, capacity 488K, committed 512K, reserved 1048576K
Event: 1.906 GC heap after
Heap after GC invocations=3 (full 0):
 PSYoungGen      total 34816K, used 4592K [0x00000000d9600000, 0x00000000dda00000, 0x0000000100000000)
  eden space 30208K, 0% used [0x00000000d9600000,0x00000000d9600000,0x00000000db380000)
  from space 4608K, 99% used [0x00000000db380000,0x00000000db7fc040,0x00000000db800000)
  to   space 4608K, 0% used [0x00000000dd580000,0x00000000dd580000,0x00000000dda00000)
 ParOldGen       total 79360K, used 3884K [0x000000008c200000, 0x0000000090f80000, 0x00000000d9600000)
  object space 79360K, 4% used [0x000000008c200000,0x000000008c5cb3c8,0x0000000090f80000)
 Metaspace       used 3781K, capacity 5176K, committed 5376K, reserved 1056768K
  class space    used 391K, capacity 488K, committed 512K, reserved 1048576K
}
Event: 2.046 GC heap before
{Heap before GC invocations=4 (full 0):
 PSYoungGen      total 34816K, used 34800K [0x00000000d9600000, 0x00000000dda00000, 0x0000000100000000)
  eden space 30208K, 100% used [0x00000000d9600000,0x00000000db380000,0x00000000db380000)
  from space 4608K, 99% used [0x00000000db380000,0x00000000db7fc040,0x00000000db800000)
  to   space 4608K, 0% used [0x00000000dd580000,0x00000000dd580000,0x00000000dda00000)
 ParOldGen       total 79360K, used 3884K [0x000000008c200000, 0x0000000090f80000, 0x00000000d9600000)
  object space 79360K, 4% used [0x000000008c200000,0x000000008c5cb3c8,0x0000000090f80000)
 Metaspace       used 3781K, capacity 5176K, committed 5376K, reserved 1056768K
  class space    used 391K, capacity 488K, committed 512K, reserved 1048576K
Event: 2.066 GC heap after
Heap after GC invocations=4 (full 0):
 PSYoungGen      total 65024K, used 4580K [0x00000000d9600000, 0x00000000dda00000, 0x0000000100000000)
  eden space 60416K, 0% used [0x00000000d9600000,0x00000000d9600000,0x00000000dd100000)
  from space 4608K, 99% used [0x00000000dd580000,0x00000000dd9f9050,0x00000000dda00000)
  to   space 4608K, 0% used [0x00000000dd100000,0x00000000dd100000,0x00000000dd580000)
 ParOldGen       total 79360K, used 8633K [0x000000008c200000, 0x0000000090f80000, 0x00000000d9600000)
  object space 79360K, 10% used [0x000000008c200000,0x000000008ca6e480,0x0000000090f80000)
 Metaspace       used 3781K, capacity 5176K, committed 5376K, reserved 1056768K
  class space    used 391K, capacity 488K, committed 512K, reserved 1048576K
}
Event: 2.369 GC heap before
{Heap before GC invocations=5 (full 0):
 PSYoungGen      total 65024K, used 64996K [0x00000000d9600000, 0x00000000dda00000, 0x0000000100000000)
  eden space 60416K, 100% used [0x00000000d9600000,0x00000000dd100000,0x00000000dd100000)
  from space 4608K, 99% used [0x00000000dd580000,0x00000000dd9f9050,0x00000000dda00000)
  to   space 4608K, 0% used [0x00000000dd100000,0x00000000dd100000,0x00000000dd580000)
 ParOldGen       total 79360K, used 8633K [0x000000008c200000, 0x0000000090f80000, 0x00000000d9600000)
  object space 79360K, 10% used [0x000000008c200000,0x000000008ca6e480,0x0000000090f80000)
 Metaspace       used 3783K, capacity 5176K, committed 5376K, reserved 1056768K
  class space    used 391K, capacity 488K, committed 512K, reserved 1048576K

